[23:02:42] [main/INFO]: Environment: authHost='https://authserver.mojang.com', accountsHost='https://api.mojang.com', sessionHost='https://sessionserver.mojang.com', servicesHost='https://api.minecraftservices.com', name='PROD'
[23:02:42] [main/WARN]: Ambiguity between arguments [teleport, destination] and [teleport, targets] with inputs: [Player, 0123, @e, dd12be42-52a9-4a91-a8a1-11c01849e498]
[23:02:42] [main/WARN]: Ambiguity between arguments [teleport, location] and [teleport, destination] with inputs: [0.1 -0.5 .9, 0 0 0]
[23:02:42] [main/WARN]: Ambiguity between arguments [teleport, location] and [teleport, targets] with inputs: [0.1 -0.5 .9, 0 0 0]
[23:02:42] [main/WARN]: Ambiguity between arguments [teleport, targets] and [teleport, destination] with inputs: [Player, 0123, dd12be42-52a9-4a91-a8a1-11c01849e498]
[23:02:42] [main/WARN]: Ambiguity between arguments [teleport, targets, location] and [teleport, targets, destination] with inputs: [0.1 -0.5 .9, 0 0 0]
[23:02:42] [main/INFO]: Reloading ResourceManager: Default, bingo_manual, base_generated, normal_set
[23:02:45] [Worker-Main-4/INFO]: Loaded 7 recipes
[23:02:45] [Worker-Main-4/INFO]: Loaded 927 advancements
[23:02:47] [Server thread/INFO]: Starting minecraft server version 1.16.5
[23:02:47] [Server thread/INFO]: Loading properties
[23:02:47] [Server thread/INFO]: Default game type: SURVIVAL
[23:02:47] [Server thread/INFO]: Generating keypair
[23:02:47] [Server thread/INFO]: Starting Minecraft server on *:25565
[23:02:47] [Server thread/INFO]: Using epoll channel type
[23:02:47] [Server thread/WARN]: **** SERVER IS RUNNING IN OFFLINE/INSECURE MODE!
[23:02:47] [Server thread/WARN]: The server will make no attempt to authenticate usernames. Beware.
[23:02:47] [Server thread/WARN]: While this makes the game possible to play without internet access, it also opens up the ability for hackers to connect with any username they choose.
[23:02:47] [Server thread/WARN]: To change this, set "online-mode" to "true" in the server.properties file.
[23:02:47] [Server thread/INFO]: Preparing level "world"
[23:02:47] [Server thread/INFO]: Preparing start region for dimension minecraft:overworld
[23:02:49] [Server thread/INFO]: Preparing spawn area: 0%
[23:02:49] [Server thread/INFO]: Preparing spawn area: 0%
[23:02:49] [Server thread/INFO]: Preparing spawn area: 0%
[23:02:49] [Server thread/INFO]: Preparing spawn area: 0%
[23:02:50] [Server thread/INFO]: Preparing spawn area: 44%
[23:02:50] [Server thread/INFO]: Time elapsed: 2464 ms
[23:02:50] [Server thread/INFO]: Done (2.593s)! For help, type "help"
[23:02:56] [Server thread/INFO]: jhonZ6[/127.173.40.143:41293] logged in with entity id 184 at (209.32885324802814, 136.0, 83.38058275584011)
[23:02:56] [Server thread/INFO]: jhonZ6 joined the game
[23:07:48] [Server thread/INFO]: lukes2009[/127.136.82.42:36197] logged in with entity id 323 at (191.95330292020705, 135.0, 80.5707394387522)
[23:07:48] [Server thread/INFO]: lukes2009 joined the game
